
@2020-08-18_13:21:19[0.23s] LOG_START:
OS CHECKER (v.20.08.18_11:21)

python[2.7.15]
version[20.08.18_11:21], file[check_sw_version.py]
CGI_CLI.USERNAME[pnemec], CGI_CLI.PASSWORD[Yes]
remote_addr[], browser[]
CGI_CLI.cgi_active[None], CGI_CLI.submit_form[], CGI_CLI.chunked[None]
CLI_args = []
CGI_CLI.data = {}


Device(s) NOT INSERTED!
Current OS Version not found!
{
  "inputs": "python[2.7.15]\nversion[20.08.18_11:21], file[check_sw_version.py]\nCGI_CLI.USERNAME[pnemec], CGI_CLI.PASSWORD[Yes]\nremote_addr[], browser[]\nCGI_CLI.cgi_active[None], CGI_CLI.submit_form[], CGI_CLI.chunked[None]\nCLI_args = []\nCGI_CLI.data = {}", 
  "success": "NOT OK", 
  "logfile": "c:\\_pyxWorks\\router_sw_update\\logs\\device-20200818-132119-check_sw_version-pnemec.log", 
  "errors": "[Device(s) NOT INSERTED!] [Current OS Version not found!] ", 
  "current_os_version": "", 
  "current_smu_patch": "", 
  "urllogfile": "https://EQ-EQ6287781/cgi-bin/logviewer.py?logfile=c:\\_pyxWorks\\router_sw_update\\logs\\device-20200818-132119-check_sw_version-pnemec.log"
}

@2020-08-18_13:21:19[0.36s] LOG_END.
